<?xml version="1.0" encoding="UTF-8"?>
<testsuite name="EmployeeServiceTest" tests="1" skipped="0" failures="0" errors="0" timestamp="2017-01-13T08:29:44" hostname="DESKTOP-FBGHD84" time="0.007">
  <properties/>
  <testcase name="addEmployee" classname="EmployeeServiceTest" time="0.007"/>
  <system-out><![CDATA[]]></system-out>
  <system-err><![CDATA[]]></system-err>
</testsuite>
